# JRE version: Java(TM) SE Runtime Environment (8.0_25-b18) (build 1.8.0_25-b18)
# Java VM: Java HotSpot(TM) 64-Bit Server VM (25.25-b02 mixed mode windows-amd64 compressed oops)
Heap:
 PSYoungGen      total 42496K, used 16708K [0x00000000d6100000, 0x00000000d9500000, 0x0000000100000000)
  eden space 31744K, 50% used [0x00000000d6100000,0x00000000d70b5120,0x00000000d8000000)
  from space 10752K, 5% used [0x00000000d8a80000,0x00000000d8b1c010,0x00000000d9500000)
  to   space 10752K, 0% used [0x00000000d8000000,0x00000000d8000000,0x00000000d8a80000)
 ParOldGen       total 56832K, used 35013K [0x0000000082200000, 0x0000000085980000, 0x00000000d6100000)
  object space 56832K, 61% used [0x0000000082200000,0x0000000084431630,0x0000000085980000)
 Metaspace       used 29453K, capacity 30120K, committed 30336K, reserved 1075200K
  class space    used 3376K, capacity 3593K, committed 3712K, reserved 1048576K
GC Heap History (10 events):
Event: 952.855 GC heap before
{Heap before GC invocations=21 (full 1):
 PSYoungGen      total 27136K, used 26688K [0x00000000d6100000, 0x00000000d9080000, 0x0000000100000000)
  eden space 25088K, 100% used [0x00000000d6100000,0x00000000d7980000,0x00000000d7980000)
  from space 2048K, 78% used [0x00000000d7a00000,0x00000000d7b90000,0x00000000d7c00000)
  to   space 11776K, 0% used [0x00000000d8500000,0x00000000d8500000,0x00000000d9080000)
 ParOldGen       total 56832K, used 22253K [0x0000000082200000, 0x0000000085980000, 0x00000000d6100000)
  object space 56832K, 39% used [0x0000000082200000,0x00000000837bb618,0x0000000085980000)
 Metaspace       used 22663K, capacity 23262K, committed 23552K, reserved 1071104K
  class space    used 2557K, capacity 2741K, committed 2816K, reserved 1048576K
Event: 952.868 GC heap after
Heap after GC invocations=21 (full 1):
 PSYoungGen      total 34816K, used 1992K [0x00000000d6100000, 0x00000000d8f00000, 0x0000000100000000)
  eden space 24576K, 0% used [0x00000000d6100000,0x00000000d6100000,0x00000000d7900000)
  from space 10240K, 19% used [0x00000000d8500000,0x00000000d86f2128,0x00000000d8f00000)
  to   space 11264K, 0% used [0x00000000d7900000,0x00000000d7900000,0x00000000d8400000)
 ParOldGen       total 56832K, used 23253K [0x0000000082200000, 0x0000000085980000, 0x00000000d6100000)
  object space 56832K, 40% used [0x0000000082200000,0x00000000838b5618,0x0000000085980000)
 Metaspace       used 22663K, capacity 23262K, committed 23552K, reserved 1071104K
  class space    used 2557K, capacity 2741K, committed 2816K, reserved 1048576K
}
Event: 963.427 GC heap before
{Heap before GC invocations=22 (full 1):
 PSYoungGen      total 34816K, used 26568K [0x00000000d6100000, 0x00000000d8f00000, 0x0000000100000000)
  eden space 24576K, 100% used [0x00000000d6100000,0x00000000d7900000,0x00000000d7900000)
  from space 10240K, 19% used [0x00000000d8500000,0x00000000d86f2128,0x00000000d8f00000)
  to   space 11264K, 0% used [0x00000000d7900000,0x00000000d7900000,0x00000000d8400000)
 ParOldGen       total 56832K, used 23253K [0x0000000082200000, 0x0000000085980000, 0x00000000d6100000)
  object space 56832K, 40% used [0x0000000082200000,0x00000000838b5618,0x0000000085980000)
 Metaspace       used 26682K, capacity 27338K, committed 27648K, reserved 1073152K
  class space    used 3092K, capacity 3269K, committed 3328K, reserved 1048576K
Event: 963.453 GC heap after
Heap after GC invocations=22 (full 1):
 PSYoungGen      total 27136K, used 2827K [0x00000000d6100000, 0x00000000d8c80000, 0x0000000100000000)
  eden space 24064K, 0% used [0x00000000d6100000,0x00000000d6100000,0x00000000d7880000)
  from space 3072K, 92% used [0x00000000d7900000,0x00000000d7bc2f20,0x00000000d7c00000)
  to   space 10240K, 0% used [0x00000000d8280000,0x00000000d8280000,0x00000000d8c80000)
 ParOldGen       total 56832K, used 24493K [0x0000000082200000, 0x0000000085980000, 0x00000000d6100000)
  object space 56832K, 43% used [0x0000000082200000,0x00000000839eb618,0x0000000085980000)
 Metaspace       used 26682K, capacity 27338K, committed 27648K, reserved 1073152K
  class space    used 3092K, capacity 3269K, committed 3328K, reserved 1048576K
}
Event: 968.163 GC heap before
{Heap before GC invocations=23 (full 1):
 PSYoungGen      total 27136K, used 26890K [0x00000000d6100000, 0x00000000d8c80000, 0x0000000100000000)
  eden space 24064K, 99% used [0x00000000d6100000,0x00000000d787fa90,0x00000000d7880000)
  from space 3072K, 92% used [0x00000000d7900000,0x00000000d7bc2f20,0x00000000d7c00000)
  to   space 10240K, 0% used [0x00000000d8280000,0x00000000d8280000,0x00000000d8c80000)
 ParOldGen       total 56832K, used 24493K [0x0000000082200000, 0x0000000085980000, 0x00000000d6100000)
  object space 56832K, 43% used [0x0000000082200000,0x00000000839eb618,0x0000000085980000)
 Metaspace       used 27788K, capacity 28368K, committed 28544K, reserved 1075200K
  class space    used 3213K, capacity 3398K, committed 3456K, reserved 1048576K
Event: 968.919 GC heap after
Heap after GC invocations=23 (full 1):
 PSYoungGen      total 32768K, used 8332K [0x00000000d6100000, 0x00000000d9900000, 0x0000000100000000)
  eden space 22528K, 0% used [0x00000000d6100000,0x00000000d6100000,0x00000000d7700000)
  from space 10240K, 81% used [0x00000000d8280000,0x00000000d8aa3008,0x00000000d8c80000)
  to   space 11776K, 0% used [0x00000000d7700000,0x00000000d7700000,0x00000000d8280000)
 ParOldGen       total 56832K, used 25786K [0x0000000082200000, 0x0000000085980000, 0x00000000d6100000)
  object space 56832K, 45% used [0x0000000082200000,0x0000000083b2e940,0x0000000085980000)
 Metaspace       used 27788K, capacity 28368K, committed 28544K, reserved 1075200K
  class space    used 3213K, capacity 3398K, committed 3456K, reserved 1048576K
}
Event: 979.035 GC heap before
{Heap before GC invocations=24 (full 1):
 PSYoungGen      total 32768K, used 30860K [0x00000000d6100000, 0x00000000d9900000, 0x0000000100000000)
  eden space 22528K, 100% used [0x00000000d6100000,0x00000000d7700000,0x00000000d7700000)
  from space 10240K, 81% used [0x00000000d8280000,0x00000000d8aa3008,0x00000000d8c80000)
  to   space 11776K, 0% used [0x00000000d7700000,0x00000000d7700000,0x00000000d8280000)
 ParOldGen       total 56832K, used 25786K [0x0000000082200000, 0x0000000085980000, 0x00000000d6100000)
  object space 56832K, 45% used [0x0000000082200000,0x0000000083b2e940,0x0000000085980000)
 Metaspace       used 28587K, capacity 29314K, committed 29440K, reserved 1075200K
  class space    used 3271K, capacity 3496K, committed 3584K, reserved 1048576K
Event: 979.060 GC heap after
Heap after GC invocations=24 (full 1):
 PSYoungGen      total 34304K, used 3392K [0x00000000d6100000, 0x00000000d9500000, 0x0000000100000000)
  eden space 22528K, 0% used [0x00000000d6100000,0x00000000d6100000,0x00000000d7700000)
  from space 11776K, 28% used [0x00000000d7700000,0x00000000d7a501f8,0x00000000d8280000)
  to   space 10752K, 0% used [0x00000000d8a80000,0x00000000d8a80000,0x00000000d9500000)
 ParOldGen       total 56832K, used 32827K [0x0000000082200000, 0x0000000085980000, 0x00000000d6100000)
  object space 56832K, 57% used [0x0000000082200000,0x000000008420ed98,0x0000000085980000)
 Metaspace       used 28587K, capacity 29314K, committed 29440K, reserved 1075200K
  class space    used 3271K, capacity 3496K, committed 3584K, reserved 1048576K
}
Event: 980.182 GC heap before
{Heap before GC invocations=25 (full 1):
 PSYoungGen      total 34304K, used 25920K [0x00000000d6100000, 0x00000000d9500000, 0x0000000100000000)
  eden space 22528K, 100% used [0x00000000d6100000,0x00000000d7700000,0x00000000d7700000)
  from space 11776K, 28% used [0x00000000d7700000,0x00000000d7a501f8,0x00000000d8280000)
  to   space 10752K, 0% used [0x00000000d8a80000,0x00000000d8a80000,0x00000000d9500000)
 ParOldGen       total 56832K, used 32827K [0x0000000082200000, 0x0000000085980000, 0x00000000d6100000)
  object space 56832K, 57% used [0x0000000082200000,0x000000008420ed98,0x0000000085980000)
 Metaspace       used 28786K, capacity 29512K, committed 29696K, reserved 1075200K
  class space    used 3299K, capacity 3497K, committed 3584K, reserved 1048576K
Event: 980.218 GC heap after
Heap after GC invocations=25 (full 1):
 PSYoungGen      total 42496K, used 624K [0x00000000d6100000, 0x00000000d9500000, 0x0000000100000000)
  eden space 31744K, 0% used [0x00000000d6100000,0x00000000d6100000,0x00000000d8000000)
  from space 10752K, 5% used [0x00000000d8a80000,0x00000000d8b1c010,0x00000000d9500000)
  to   space 10752K, 0% used [0x00000000d8000000,0x00000000d8000000,0x00000000d8a80000)
 ParOldGen       total 56832K, used 35013K [0x0000000082200000, 0x0000000085980000, 0x00000000d6100000)
  object space 56832K, 61% used [0x0000000082200000,0x0000000084431630,0x0000000085980000)
 Metaspace       used 28786K, capacity 29512K, committed 29696K, reserved 1075200K
  class space    used 3299K, capacity 3497K, committed 3584K, reserved 1048576K
}

